14:41:30.542 INFO - Selenium build info: version: '3.0.1', revision: '1969d75'
14:41:30.543 INFO - Launching a standalone Selenium Server
2016-12-07 14:41:30.558:INFO::main: Logging initialized @207ms
14:41:30.608 INFO - Driver provider org.openqa.selenium.ie.InternetExplorerDriver registration is skipped:
 registration capabilities Capabilities [{ensureCleanSession=true, browserName=internet explorer, version=, platform=WINDOWS}] does not match the current platform MAC
14:41:30.608 INFO - Driver provider org.openqa.selenium.edge.EdgeDriver registration is skipped:
 registration capabilities Capabilities [{browserName=MicrosoftEdge, version=, platform=WINDOWS}] does not match the current platform MAC
14:41:30.608 INFO - Driver class not found: com.opera.core.systems.OperaDriver
14:41:30.609 INFO - Driver provider com.opera.core.systems.OperaDriver registration is skipped:
Unable to create new instances on this machine.
14:41:30.609 INFO - Driver class not found: com.opera.core.systems.OperaDriver
14:41:30.609 INFO - Driver provider com.opera.core.systems.OperaDriver is not registered
2016-12-07 14:41:30.639:INFO:osjs.Server:main: jetty-9.2.15.v20160210
2016-12-07 14:41:30.658:INFO:osjsh.ContextHandler:main: Started o.s.j.s.ServletContextHandler@9629756{/,null,AVAILABLE}
2016-12-07 14:41:30.680:INFO:osjs.ServerConnector:main: Started ServerConnector@8bd1b6a{HTTP/1.1}{0.0.0.0:4444}
2016-12-07 14:41:30.680:INFO:osjs.Server:main: Started @330ms
14:41:30.680 INFO - Selenium Server is up and running
14:42:55.425 INFO - Selenium build info: version: '3.0.1', revision: '1969d75'
14:42:55.426 INFO - Launching a standalone Selenium Server
2016-12-07 14:42:55.444:INFO::main: Logging initialized @207ms
14:42:55.487 INFO - Driver provider org.openqa.selenium.ie.InternetExplorerDriver registration is skipped:
 registration capabilities Capabilities [{ensureCleanSession=true, browserName=internet explorer, version=, platform=WINDOWS}] does not match the current platform MAC
14:42:55.487 INFO - Driver provider org.openqa.selenium.edge.EdgeDriver registration is skipped:
 registration capabilities Capabilities [{browserName=MicrosoftEdge, version=, platform=WINDOWS}] does not match the current platform MAC
14:42:55.487 INFO - Driver class not found: com.opera.core.systems.OperaDriver
14:42:55.488 INFO - Driver provider com.opera.core.systems.OperaDriver registration is skipped:
Unable to create new instances on this machine.
14:42:55.488 INFO - Driver class not found: com.opera.core.systems.OperaDriver
14:42:55.488 INFO - Driver provider com.opera.core.systems.OperaDriver is not registered
2016-12-07 14:42:55.518:INFO:osjs.Server:main: jetty-9.2.15.v20160210
2016-12-07 14:42:55.538:INFO:osjsh.ContextHandler:main: Started o.s.j.s.ServletContextHandler@9629756{/,null,AVAILABLE}
2016-12-07 14:42:55.561:INFO:osjs.ServerConnector:main: Started ServerConnector@8bd1b6a{HTTP/1.1}{0.0.0.0:4444}
2016-12-07 14:42:55.561:INFO:osjs.Server:main: Started @324ms
14:42:55.561 INFO - Selenium Server is up and running
